
Mar 10, 2020 21:20:36.91 NEW SESSION
Mar 10, 2020 21:20:36.91 [6688:11040:0310/212036.907:ERROR:socket_stream.cc(218)] Closing stream with result -2
Mar 10, 2020 21:54:38.97 [6688:11040:0310/215438.971:ERROR:connection_factory_impl.cc(420)] Failed to connect to MCS endpoint with error -21

Mar 11, 2020 20:51:39.15 NEW SESSION
Mar 11, 2020 20:51:39.15 [7244:13700:0311/205139.140:ERROR:connection_factory_impl.cc(420)] Failed to connect to MCS endpoint with error -106
Mar 11, 2020 20:51:49.87 [7244:13700:0311/205149.878:ERROR:connection_factory_impl.cc(420)] Failed to connect to MCS endpoint with error -106
Mar 11, 2020 20:52:42.71 [7244:13700:0311/205242.718:ERROR:connection_factory_impl.cc(420)] Failed to connect to MCS endpoint with error -7
Mar 11, 2020 20:53:44.33 [7244:13700:0311/205344.338:ERROR:connection_factory_impl.cc(420)] Failed to connect to MCS endpoint with error -106
Mar 11, 2020 21:08:06.31 [7244:13700:0311/210806.317:ERROR:socket_stream.cc(218)] Closing stream with result -2
Mar 11, 2020 21:08:10.61 [7244:13700:0311/210810.612:ERROR:connection_factory_impl.cc(420)] Failed to connect to MCS endpoint with error -106
Mar 11, 2020 22:01:04.03 [7244:6028:0311/220104.038:ERROR:gcm_channel_status_request.cc(145)] GCM channel request failed.
Mar 11, 2020 22:01:06.08 [7244:13700:0311/220104.045:ERROR:connection_factory_impl.cc(420)] Failed to connect to MCS endpoint with error -106
Mar 11, 2020 23:21:12.05 [7244:13700:0311/232112.056:ERROR:connection_factory_impl.cc(420)] Failed to connect to MCS endpoint with error -106
Mar 12, 2020 24:02:39.25 [7244:13700:0312/000239.249:ERROR:connection_factory_impl.cc(420)] Failed to connect to MCS endpoint with error -106
Mar 12, 2020 24:08:17.23 [7244:13700:0312/000817.236:ERROR:connection_factory_impl.cc(420)] Failed to connect to MCS endpoint with error -106
Mar 12, 2020 24:08:38.98 [7244:13700:0312/000838.981:ERROR:connection_factory_impl.cc(420)] Failed to connect to MCS endpoint with error -106
Mar 12, 2020 24:08:50.49 [7244:13700:0312/000850.499:ERROR:connection_factory_impl.cc(420)] Failed to connect to MCS endpoint with error -106
Mar 12, 2020 24:09:08.50 [7244:13700:0312/000908.508:ERROR:connection_factory_impl.cc(420)] Failed to connect to MCS endpoint with error -106
Mar 12, 2020 24:10:06.56 [7244:13700:0312/001006.560:ERROR:connection_factory_impl.cc(420)] Failed to connect to MCS endpoint with error -106
Mar 12, 2020 24:12:34.52 [7244:13700:0312/001234.529:ERROR:connection_factory_impl.cc(420)] Failed to connect to MCS endpoint with error -106
Mar 12, 2020 24:12:58.49 [7244:13700:0312/001258.497:ERROR:connection_factory_impl.cc(420)] Failed to connect to MCS endpoint with error -106
Mar 12, 2020 24:13:54.52 [7244:13700:0312/001354.523:ERROR:connection_factory_impl.cc(420)] Failed to connect to MCS endpoint with error -106
Mar 12, 2020 24:14:29.44 [7244:6028:0312/001429.440:ERROR:gcm_channel_status_request.cc(145)] GCM channel request failed.
Mar 12, 2020 24:14:56.96 [7244:6028:0312/001456.964:ERROR:gcm_channel_status_request.cc(145)] GCM channel request failed.
Mar 12, 2020 24:15:38.90 [7244:6028:0312/001538.900:ERROR:gcm_channel_status_request.cc(145)] GCM channel request failed.
Mar 12, 2020 24:15:48.80 [7244:13700:0312/001548.805:ERROR:connection_factory_impl.cc(420)] Failed to connect to MCS endpoint with error -106
Mar 12, 2020 24:17:25.90 [7244:6028:0312/001725.907:ERROR:gcm_channel_status_request.cc(145)] GCM channel request failed.
Mar 12, 2020 24:19:24.05 [7244:13700:0312/001924.054:ERROR:connection_factory_impl.cc(420)] Failed to connect to MCS endpoint with error -106
Mar 12, 2020 24:21:00.09 [7244:6028:0312/002100.094:ERROR:gcm_channel_status_request.cc(145)] GCM channel request failed.
Mar 12, 2020 24:26:45.77 [7244:2916:0312/002645.770:ERROR:get_updates_processor.cc(246)] PostClientToServerMessage() failed during GetUpdates
Mar 12, 2020 24:26:57.04 [7244:13700:0312/002657.047:ERROR:connection_factory_impl.cc(420)] Failed to connect to MCS endpoint with error -106
Mar 12, 2020 24:27:30.77 [7244:2916:0312/002730.774:ERROR:get_updates_processor.cc(246)] PostClientToServerMessage() failed during GetUpdates
Mar 12, 2020 24:28:38.78 [7244:2916:0312/002838.781:ERROR:get_updates_processor.cc(246)] PostClientToServerMessage() failed during GetUpdates
Mar 12, 2020 24:28:49.55 [7244:6028:0312/002849.551:ERROR:gcm_channel_status_request.cc(145)] GCM channel request failed.
Mar 12, 2020 24:30:20.78 [7244:2916:0312/003020.789:ERROR:get_updates_processor.cc(246)] PostClientToServerMessage() failed during GetUpdates
Mar 12, 2020 24:34:35.79 [7244:2916:0312/003435.797:ERROR:get_updates_processor.cc(246)] PostClientToServerMessage() failed during GetUpdates
Mar 12, 2020 24:36:57.05 [7244:13700:0312/003657.050:ERROR:connection_factory_impl.cc(420)] Failed to connect to MCS endpoint with error -106
Mar 12, 2020 24:38:49.55 [7244:6028:0312/003849.558:ERROR:gcm_channel_status_request.cc(145)] GCM channel request failed.
Mar 12, 2020 24:46:57.05 [7244:13700:0312/004657.052:ERROR:connection_factory_impl.cc(420)] Failed to connect to MCS endpoint with error -106
Mar 12, 2020 24:48:49.56 [7244:6028:0312/004849.562:ERROR:gcm_channel_status_request.cc(145)] GCM channel request failed.
Mar 12, 2020 24:56:57.05 [7244:13700:0312/005657.056:ERROR:connection_factory_impl.cc(420)] Failed to connect to MCS endpoint with error -106
Mar 12, 2020 24:58:49.56 [7244:6028:0312/005849.567:ERROR:gcm_channel_status_request.cc(145)] GCM channel request failed.
Mar 12, 2020 01:06:57.06 [7244:13700:0312/010657.059:ERROR:connection_factory_impl.cc(420)] Failed to connect to MCS endpoint with error -106
Mar 12, 2020 01:08:49.57 [7244:6028:0312/010849.573:ERROR:gcm_channel_status_request.cc(145)] GCM channel request failed.
Mar 12, 2020 01:10:33.85 [7244:2916:0312/011033.855:ERROR:get_updates_processor.cc(246)] PostClientToServerMessage() failed during GetUpdates
Mar 12, 2020 01:11:48.85 [7244:2916:0312/011148.858:ERROR:get_updates_processor.cc(246)] PostClientToServerMessage() failed during GetUpdates
Mar 12, 2020 01:16:57.06 [7244:13700:0312/011657.063:ERROR:connection_factory_impl.cc(420)] Failed to connect to MCS endpoint with error -106

Mar 17, 2020 24:39:47.50 NEW SESSION
Mar 17, 2020 24:39:47.50 [9632:12312:0317/003947.475:ERROR:socket_stream.cc(218)] Closing stream with result -2
